
Showing logs for build [32mcb-kubecd-environment-pr-509-44-dd8gl-1[0m stage [32mfrom-build-pack[0m and container [32mstep-credential-initializer-2d2vd[0m
{"level":"info","ts":1589404271.873427,"logger":"fallback-logger","caller":"logging/config.go:69","msg":"Fetch GitHub commit ID from kodata failed: open /var/run/ko/refs/heads/0.8.0-ns-support: no such file or directory"}
{"level":"info","ts":1589404271.8739815,"logger":"fallback-logger","caller":"creds-init/main.go:40","msg":"Credentials initialized."}

Showing logs for build [32mcb-kubecd-environment-pr-509-44-dd8gl-1[0m stage [32mfrom-build-pack[0m and container [32mstep-working-dir-initializer-df976[0m
{"level":"info","ts":1589404273.2663574,"logger":"fallback-logger","caller":"logging/config.go:69","msg":"Fetch GitHub commit ID from kodata failed: open /var/run/ko/HEAD: no such file or directory"}
{"level":"info","ts":1589404273.269926,"logger":"fallback-logger","caller":"bash/main.go:64","msg":"Successfully executed command \"sh -c mkdir -p /workspace/source\"; output "}

Showing logs for build [32mcb-kubecd-environment-pr-509-44-dd8gl-1[0m stage [32mfrom-build-pack[0m and container [32mstep-place-tools[0m

Showing logs for build [32mcb-kubecd-environment-pr-509-44-dd8gl-1[0m stage [32mfrom-build-pack[0m and container [32mstep-git-source-cb-kubecd-environment-pr-509-44-dd8gl-h9w7b[0m
{"level":"info","ts":1589404277.4331603,"logger":"fallback-logger","caller":"logging/config.go:69","msg":"Fetch GitHub commit ID from kodata failed: open /var/run/ko/refs/heads/0.8.0-ns-support: no such file or directory"}
{"level":"info","ts":1589404278.5045013,"logger":"fallback-logger","caller":"git/git.go:103","msg":"Successfully cloned https://github.com/cb-kubecd/environment-pr-509-44-bdd-frontend-staging.git @ master in path /workspace/source"}

Showing logs for build [32mcb-kubecd-environment-pr-509-44-dd8gl-1[0m stage [32mfrom-build-pack[0m and container [32mstep-git-merge[0m
Using SHAs from PULL_REFS=master:b728c2584c6365d0509fc102f1abbd38d8460d7c,1:e1d1aab321496c1d5367c79898964f8beb9dac7b
DEBUG: LC_ALL=C JX_LOG_LEVEL=error git fetch origin --unshallow e1d1aab321496c1d5367c79898964f8beb9dac7b: b728c2584c6365d0509fc102f1abbd38d8460d7c:
DEBUG: ran git fetch --unshallow origin e1d1aab321496c1d5367c79898964f8beb9dac7b: b728c2584c6365d0509fc102f1abbd38d8460d7c: in 
DEBUG: LC_ALL=C JX_LOG_LEVEL=error git branch
DEBUG: LC_ALL=C JX_LOG_LEVEL=error git checkout master
DEBUG: ran git checkout master in 
DEBUG: LC_ALL=C JX_LOG_LEVEL=error git reset --hard b728c2584c6365d0509fc102f1abbd38d8460d7c
DEBUG: ran git reset --hard b728c2584c6365d0509fc102f1abbd38d8460d7c in 
DEBUG: LC_ALL=C JX_LOG_LEVEL=error git clean -fd .
DEBUG: ran clean --force -d . in 
DEBUG: LC_ALL=C JX_LOG_LEVEL=error git merge e1d1aab321496c1d5367c79898964f8beb9dac7b
DEBUG: ran git merge e1d1aab321496c1d5367c79898964f8beb9dac7b in 
DEBUG: LC_ALL=C JX_LOG_LEVEL=error git log --format=%H%x1f%an%x1f%ae%x1f%cn%x1f%ce%x1f%s%n%b%x1e b728c2584c6365d0509fc102f1abbd38d8460d7c..HEAD
Merged SHA e1d1aab321496c1d5367c79898964f8beb9dac7b with commit message 'chore: Promote bdd-nh-1589403305 to version 0.0.1' into base branch master

Showing logs for build [32mcb-kubecd-environment-pr-509-44-dd8gl-1[0m stage [32mfrom-build-pack[0m and container [32mstep-build-helm-build[0m
WARNING: No $CHART_REPOSITORY defined so using the default value of: http://jenkins-x-chartmuseum:8080
Adding missing Helm repo: storage.googleapis.com https://storage.googleapis.com/chartmuseum.jenkins-x.io
WARNING: No secrets found on "helm/repos" due: reading the secret "helm/repos" from vault: no secret "helm/repos" not found in vault
Read credentials for https://storage.googleapis.com/chartmuseum.jenkins-x.io from vault helm/repos
Successfully added Helm repository storage.googleapis.com.
Adding missing Helm repo: jenkins-x-chartmuseum http://jenkins-x-chartmuseum:8080
WARNING: No secrets found on "helm/repos" due: reading the secret "helm/repos" from vault: no secret "helm/repos" not found in vault
Read credentials for http://jenkins-x-chartmuseum:8080 from vault helm/repos
Successfully added Helm repository jenkins-x-chartmuseum.
WARNING: No $CHART_REPOSITORY defined so using the default value of: http://jenkins-x-chartmuseum:8080
Adding missing Helm repo: chartmuseum.jenkins-x.io http://chartmuseum.jenkins-x.io
WARNING: No secrets found on "helm/repos" due: reading the secret "helm/repos" from vault: no secret "helm/repos" not found in vault
Read credentials for http://chartmuseum.jenkins-x.io from vault helm/repos
Successfully added Helm repository chartmuseum.jenkins-x.io.
